<?xml version="1.0" encoding="UTF-8"?>
<testng-results ignored="0" total="1" passed="1" failed="0" skipped="0">
  <reporter-output>
  </reporter-output>
  <suite started-at="2024-03-21T13:08:09 IST" name="Suite" finished-at="2024-03-21T13:08:41 IST" duration-ms="32046">
    <groups>
      <group name="cucumber">
        <method signature="AbstractTestNGCucumberTests.runScenario(io.cucumber.testng.PickleWrapper,io.cucumber.testng.FeatureWrapper)[pri:0, instance:TestRunner.CucumberTestRunner@957e06]" name="runScenario" class="io.cucumber.testng.AbstractTestNGCucumberTests"/>
      </group> <!-- cucumber -->
    </groups>
    <test started-at="2024-03-21T13:08:09 IST" name="Test" finished-at="2024-03-21T13:08:41 IST" duration-ms="32046">
      <class name="TestRunner.CucumberTestRunner">
        <test-method is-config="true" signature="setUpClass(org.testng.ITestContext)[pri:0, instance:TestRunner.CucumberTestRunner@957e06]" started-at="2024-03-21T13:08:09 IST" name="setUpClass" finished-at="2024-03-21T13:08:10 IST" duration-ms="921" status="PASS">
          <params>
            <param index="0">
              <value>
                <![CDATA[org.testng.TestRunner@37b57b54]]>
              </value>
            </param>
          </params>
          <reporter-output>
          </reporter-output>
        </test-method> <!-- setUpClass -->
        <test-method signature="runScenario(io.cucumber.testng.PickleWrapper,io.cucumber.testng.FeatureWrapper)[pri:0, instance:TestRunner.CucumberTestRunner@957e06]" started-at="2024-03-21T13:08:10 IST" name="runScenario" description="Runs Cucumber Scenarios" data-provider="scenarios" finished-at="2024-03-21T13:08:40 IST" duration-ms="30523" status="PASS">
          <params>
            <param index="0">
              <value>
                <![CDATA["Check login is success full with valid creds"]]>
              </value>
            </param>
            <param index="1">
              <value>
                <![CDATA["Login page Automation of InfosysCareers App"]]>
              </value>
            </param>
          </params>
          <reporter-output>
          </reporter-output>
        </test-method> <!-- runScenario -->
        <test-method is-config="true" signature="tearDownClass()[pri:0, instance:TestRunner.CucumberTestRunner@957e06]" started-at="2024-03-21T13:08:40 IST" name="tearDownClass" finished-at="2024-03-21T13:08:41 IST" duration-ms="556" status="PASS">
          <reporter-output>
          </reporter-output>
        </test-method> <!-- tearDownClass -->
      </class> <!-- TestRunner.CucumberTestRunner -->
    </test> <!-- Test -->
  </suite> <!-- Suite -->
</testng-results>
